Build started 11/23/2013 3:32:59 PM.
Project "C:\Program Files\StarCraft\BWAPI\ExampleAIClient\ExampleAIClient.vcxproj" on node 2 (build target(s)).
InitializeBuildStatus:
  Touching "Release\ExampleAIClient.unsuccessfulbuild".
ClCompile:
  C:\Program Files\Microsoft Visual Studio 10.0\VC\bin\CL.exe /c /I../include /Zi /nologo /W3 /WX- /O2 /Oi /Oy- /GL /D WIN32 /D NDEBUG /D _CONSOLE /D "_SECURE_SCL 0" /D _UNICODE /D UNICODE /Gm- /EHsc /MD /GS /Gy /fp:precise /Zc:wchar_t /Zc:forScope /Fo"Release\\" /Fd"Release\vc100.pdb" /Gd /TP /analyze- /errorReport:prompt Source\ExampleAIClient.cpp
  ExampleAIClient.cpp
Link:
  C:\Program Files\Microsoft Visual Studio 10.0\VC\bin\link.exe /ERRORREPORT:PROMPT /OUT:"C:\Program Files\StarCraft\BWAPI\Release\ExampleAIClient.exe" /INCREMENTAL:NO /NOLOGO ../lib/BWAPI.lib ../lib/BWAPIClient.lib kernel32.lib user32.lib gdi32.lib winspool.lib comdlg32.lib advapi32.lib shell32.lib ole32.lib oleaut32.lib uuid.lib odbc32.lib odbccp32.lib /MANIFEST /ManifestFile:"Release\ExampleAIClient.exe.intermediate.manifest" /MANIFESTUAC:"level='asInvoker' uiAccess='false'" /PDB:"C:\Program Files\StarCraft\BWAPI\Release\ExampleAIClient.pdb" /SUBSYSTEM:CONSOLE /OPT:REF /OPT:ICF /LTCG /TLBID:1 /DYNAMICBASE /NXCOMPAT /IMPLIB:"C:\Program Files\StarCraft\BWAPI\Release\ExampleAIClient.lib" /MACHINE:X86 Release\ExampleAIClient.obj
  Generating code
  Finished generating code
  ExampleAIClient.vcxproj -> C:\Program Files\StarCraft\BWAPI\Release\ExampleAIClient.exe
Manifest:
  C:\Program Files\Microsoft SDKs\Windows\v7.0A\bin\mt.exe /nologo /verbose /outputresource:"C:\Program Files\StarCraft\BWAPI\Release\ExampleAIClient.exe;#1" /manifest Release\ExampleAIClient.exe.intermediate.manifest
FinalizeBuildStatus:
  Deleting file "Release\ExampleAIClient.unsuccessfulbuild".
  Touching "Release\ExampleAIClient.lastbuildstate".
Done Building Project "C:\Program Files\StarCraft\BWAPI\ExampleAIClient\ExampleAIClient.vcxproj" (build target(s)).

Build succeeded.

Time Elapsed 00:00:08.56
