Build started 11/23/2013 3:00:34 PM.
Project "C:\Program Files\StarCraft\BWAPI\ExampleTournamentModule\ExampleTournamentModule.vcxproj" on node 2 (build target(s)).
InitializeBuildStatus:
  Creating "Release\ExampleTournamentModule.unsuccessfulbuild" because "AlwaysCreate" was specified.
ClCompile:
  C:\Program Files\Microsoft Visual Studio 10.0\VC\bin\CL.exe /c /I../include /Zi /nologo /W3 /WX- /O2 /Oi /Oy- /GL /D WIN32 /D NDEBUG /D _WINDOWS /D _USRDLL /D EXAMPLETOURNAMENTMODULE_EXPORTS /D _WINDLL /D _MBCS /GF /Gm- /EHsc /MD /GS /Gy /fp:precise /Zc:wchar_t /Zc:forScope /Fo"Release\\" /Fd"Release\vc100.pdb" /Gd /TP /analyze- /errorReport:prompt Source\Dll.cpp Source\ExampleTournamentModule.cpp
  Dll.cpp
  ExampleTournamentModule.cpp
Link:
  C:\Program Files\Microsoft Visual Studio 10.0\VC\bin\link.exe /ERRORREPORT:PROMPT /OUT:"C:\Program Files\StarCraft\BWAPI\Release\ExampleTournamentModule.dll" /INCREMENTAL:NO /NOLOGO ../lib/BWAPI.lib kernel32.lib user32.lib gdi32.lib winspool.lib comdlg32.lib advapi32.lib shell32.lib ole32.lib oleaut32.lib uuid.lib odbc32.lib odbccp32.lib /MANIFEST /ManifestFile:"Release\ExampleTournamentModule.dll.intermediate.manifest" /MANIFESTUAC:"level='asInvoker' uiAccess='false'" /DEBUG /PDB:"C:\Program Files\StarCraft\BWAPI\Release\ExampleTournamentModule.pdb" /SUBSYSTEM:WINDOWS /OPT:REF /OPT:ICF /LTCG /TLBID:1 /DYNAMICBASE /NXCOMPAT /IMPLIB:"C:\Program Files\StarCraft\BWAPI\Release\ExampleTournamentModule.lib" /MACHINE:X86 /DLL Release\Dll.obj
  Release\ExampleTournamentModule.obj
     Creating library C:\Program Files\StarCraft\BWAPI\Release\ExampleTournamentModule.lib and object C:\Program Files\StarCraft\BWAPI\Release\ExampleTournamentModule.exp
  Generating code
  Finished generating code
BWAPI.lib(AIModule.obj) : warning LNK4099: PDB 'vc100.pdb' was not found with 'BWAPI.lib(AIModule.obj)' or at 'C:\Program Files\StarCraft\BWAPI\Release\vc100.pdb'; linking object as if no debug info
BWAPI.lib(DamageType.obj) : warning LNK4099: PDB 'vc100.pdb' was not found with 'BWAPI.lib(DamageType.obj)' or at 'C:\Program Files\StarCraft\BWAPI\Release\vc100.pdb'; linking object as if no debug info
BWAPI.lib(Error.obj) : warning LNK4099: PDB 'vc100.pdb' was not found with 'BWAPI.lib(Error.obj)' or at 'C:\Program Files\StarCraft\BWAPI\Release\vc100.pdb'; linking object as if no debug info
BWAPI.lib(ExplosionType.obj) : warning LNK4099: PDB 'vc100.pdb' was not found with 'BWAPI.lib(ExplosionType.obj)' or at 'C:\Program Files\StarCraft\BWAPI\Release\vc100.pdb'; linking object as if no debug info
BWAPI.lib(Filters.obj) : warning LNK4099: PDB 'vc100.pdb' was not found with 'BWAPI.lib(Filters.obj)' or at 'C:\Program Files\StarCraft\BWAPI\Release\vc100.pdb'; linking object as if no debug info
BWAPI.lib(Game.obj) : warning LNK4099: PDB 'vc100.pdb' was not found with 'BWAPI.lib(Game.obj)' or at 'C:\Program Files\StarCraft\BWAPI\Release\vc100.pdb'; linking object as if no debug info
BWAPI.lib(Order.obj) : warning LNK4099: PDB 'vc100.pdb' was not found with 'BWAPI.lib(Order.obj)' or at 'C:\Program Files\StarCraft\BWAPI\Release\vc100.pdb'; linking object as if no debug info
BWAPI.lib(Player.obj) : warning LNK4099: PDB 'vc100.pdb' was not found with 'BWAPI.lib(Player.obj)' or at 'C:\Program Files\StarCraft\BWAPI\Release\vc100.pdb'; linking object as if no debug info
BWAPI.lib(Position.obj) : warning LNK4099: PDB 'vc100.pdb' was not found with 'BWAPI.lib(Position.obj)' or at 'C:\Program Files\StarCraft\BWAPI\Release\vc100.pdb'; linking object as if no debug info
BWAPI.lib(PositionUnit.obj) : warning LNK4099: PDB 'vc100.pdb' was not found with 'BWAPI.lib(PositionUnit.obj)' or at 'C:\Program Files\StarCraft\BWAPI\Release\vc100.pdb'; linking object as if no debug info
BWAPI.lib(Race.obj) : warning LNK4099: PDB 'vc100.pdb' was not found with 'BWAPI.lib(Race.obj)' or at 'C:\Program Files\StarCraft\BWAPI\Release\vc100.pdb'; linking object as if no debug info
BWAPI.lib(TechType.obj) : warning LNK4099: PDB 'vc100.pdb' was not found with 'BWAPI.lib(TechType.obj)' or at 'C:\Program Files\StarCraft\BWAPI\Release\vc100.pdb'; linking object as if no debug info
BWAPI.lib(Unit.obj) : warning LNK4099: PDB 'vc100.pdb' was not found with 'BWAPI.lib(Unit.obj)' or at 'C:\Program Files\StarCraft\BWAPI\Release\vc100.pdb'; linking object as if no debug info
BWAPI.lib(Unitset.obj) : warning LNK4099: PDB 'vc100.pdb' was not found with 'BWAPI.lib(Unitset.obj)' or at 'C:\Program Files\StarCraft\BWAPI\Release\vc100.pdb'; linking object as if no debug info
BWAPI.lib(UnitCommand.obj) : warning LNK4099: PDB 'vc100.pdb' was not found with 'BWAPI.lib(UnitCommand.obj)' or at 'C:\Program Files\StarCraft\BWAPI\Release\vc100.pdb'; linking object as if no debug info
BWAPI.lib(UnitCommandType.obj) : warning LNK4099: PDB 'vc100.pdb' was not found with 'BWAPI.lib(UnitCommandType.obj)' or at 'C:\Program Files\StarCraft\BWAPI\Release\vc100.pdb'; linking object as if no debug info
BWAPI.lib(UnitSizeType.obj) : warning LNK4099: PDB 'vc100.pdb' was not found with 'BWAPI.lib(UnitSizeType.obj)' or at 'C:\Program Files\StarCraft\BWAPI\Release\vc100.pdb'; linking object as if no debug info
BWAPI.lib(UnitType.obj) : warning LNK4099: PDB 'vc100.pdb' was not found with 'BWAPI.lib(UnitType.obj)' or at 'C:\Program Files\StarCraft\BWAPI\Release\vc100.pdb'; linking object as if no debug info
BWAPI.lib(UpgradeType.obj) : warning LNK4099: PDB 'vc100.pdb' was not found with 'BWAPI.lib(UpgradeType.obj)' or at 'C:\Program Files\StarCraft\BWAPI\Release\vc100.pdb'; linking object as if no debug info
BWAPI.lib(WeaponType.obj) : warning LNK4099: PDB 'vc100.pdb' was not found with 'BWAPI.lib(WeaponType.obj)' or at 'C:\Program Files\StarCraft\BWAPI\Release\vc100.pdb'; linking object as if no debug info
  ExampleTournamentModule.vcxproj -> C:\Program Files\StarCraft\BWAPI\Release\ExampleTournamentModule.dll
Manifest:
  C:\Program Files\Microsoft SDKs\Windows\v7.0A\bin\mt.exe /nologo /verbose /outputresource:"C:\Program Files\StarCraft\BWAPI\Release\ExampleTournamentModule.dll;#2" /manifest Release\ExampleTournamentModule.dll.intermediate.manifest
FinalizeBuildStatus:
  Deleting file "Release\ExampleTournamentModule.unsuccessfulbuild".
  Touching "Release\ExampleTournamentModule.lastbuildstate".
Done Building Project "C:\Program Files\StarCraft\BWAPI\ExampleTournamentModule\ExampleTournamentModule.vcxproj" (build target(s)).

Build succeeded.

Time Elapsed 00:00:06.12
