Build started 11/20/2013 10:17:22 PM.
Project "C:\Program Files\StarCraft\BWAPI\ExampleAIModule\ExampleAIModule.vcxproj" on node 2 (build target(s)).
PrepareForBuild:
  Creating directory "C:\Program Files\StarCraft\BWAPI\Debug\".
InitializeBuildStatus:
  Creating "Debug\ExampleAIModule.unsuccessfulbuild" because "AlwaysCreate" was specified.
ClCompile:
  C:\Program Files\Microsoft Visual Studio 10.0\VC\bin\CL.exe /c /I../include /ZI /nologo /W3 /WX- /Od /Oy- /D WIN32 /D _DEBUG /D _WINDOWS /D _USRDLL /D EXAMPLEAIMODULE_EXPORTS /D _WINDLL /D _UNICODE /D UNICODE /Gm /EHsc /RTC1 /MDd /GS /fp:precise /Zc:wchar_t /Zc:forScope /Fo"Debug\\" /Fd"Debug\vc100.pdb" /Gd /TP /analyze- /errorReport:prompt Source\Dll.cpp Source\ExampleAIModule.cpp
  ExampleAIModule.cpp
  Dll.cpp
  Generating Code...
ManifestResourceCompile:
  C:\Program Files\Microsoft SDKs\Windows\v7.0A\bin\rc.exe /nologo /fo"Debug\ExampleAIModule.dll.embed.manifest.res" Debug\ExampleAIModule_manifest.rc 
Link:
  C:\Program Files\Microsoft Visual Studio 10.0\VC\bin\link.exe /ERRORREPORT:PROMPT /OUT:"C:\Program Files\StarCraft\BWAPI\Debug\ExampleAIModule.dll" /INCREMENTAL /NOLOGO ../lib/BWAPId.lib kernel32.lib user32.lib gdi32.lib winspool.lib comdlg32.lib advapi32.lib shell32.lib ole32.lib oleaut32.lib uuid.lib odbc32.lib odbccp32.lib /MANIFEST /ManifestFile:"Debug\ExampleAIModule.dll.intermediate.manifest" /MANIFESTUAC:"level='asInvoker' uiAccess='false'" /DEBUG /PDB:"C:\Program Files\StarCraft\BWAPI\Debug\ExampleAIModule.pdb" /SUBSYSTEM:WINDOWS /TLBID:1 /DYNAMICBASE /NXCOMPAT /IMPLIB:"C:\Program Files\StarCraft\BWAPI\Debug\ExampleAIModule.lib" /MACHINE:X86 /DLL Debug\ExampleAIModule.dll.embed.manifest.res
  Debug\Dll.obj
  Debug\ExampleAIModule.obj
     Creating library C:\Program Files\StarCraft\BWAPI\Debug\ExampleAIModule.lib and object C:\Program Files\StarCraft\BWAPI\Debug\ExampleAIModule.exp
BWAPId.lib(AIModule.obj) : warning LNK4099: PDB 'bwapid.pdb' was not found with 'BWAPId.lib(AIModule.obj)' or at 'C:\Program Files\StarCraft\BWAPI\Debug\bwapid.pdb'; linking object as if no debug info
BWAPId.lib(Color.obj) : warning LNK4099: PDB 'bwapid.pdb' was not found with 'BWAPId.lib(Color.obj)' or at 'C:\Program Files\StarCraft\BWAPI\Debug\bwapid.pdb'; linking object as if no debug info
BWAPId.lib(DamageType.obj) : warning LNK4099: PDB 'bwapid.pdb' was not found with 'BWAPId.lib(DamageType.obj)' or at 'C:\Program Files\StarCraft\BWAPI\Debug\bwapid.pdb'; linking object as if no debug info
BWAPId.lib(Error.obj) : warning LNK4099: PDB 'bwapid.pdb' was not found with 'BWAPId.lib(Error.obj)' or at 'C:\Program Files\StarCraft\BWAPI\Debug\bwapid.pdb'; linking object as if no debug info
BWAPId.lib(ExplosionType.obj) : warning LNK4099: PDB 'bwapid.pdb' was not found with 'BWAPId.lib(ExplosionType.obj)' or at 'C:\Program Files\StarCraft\BWAPI\Debug\bwapid.pdb'; linking object as if no debug info
BWAPId.lib(Filters.obj) : warning LNK4099: PDB 'bwapid.pdb' was not found with 'BWAPId.lib(Filters.obj)' or at 'C:\Program Files\StarCraft\BWAPI\Debug\bwapid.pdb'; linking object as if no debug info
BWAPId.lib(Game.obj) : warning LNK4099: PDB 'bwapid.pdb' was not found with 'BWAPId.lib(Game.obj)' or at 'C:\Program Files\StarCraft\BWAPI\Debug\bwapid.pdb'; linking object as if no debug info
BWAPId.lib(Order.obj) : warning LNK4099: PDB 'bwapid.pdb' was not found with 'BWAPId.lib(Order.obj)' or at 'C:\Program Files\StarCraft\BWAPI\Debug\bwapid.pdb'; linking object as if no debug info
BWAPId.lib(Player.obj) : warning LNK4099: PDB 'bwapid.pdb' was not found with 'BWAPId.lib(Player.obj)' or at 'C:\Program Files\StarCraft\BWAPI\Debug\bwapid.pdb'; linking object as if no debug info
BWAPId.lib(Playerset.obj) : warning LNK4099: PDB 'bwapid.pdb' was not found with 'BWAPId.lib(Playerset.obj)' or at 'C:\Program Files\StarCraft\BWAPI\Debug\bwapid.pdb'; linking object as if no debug info
BWAPId.lib(Position.obj) : warning LNK4099: PDB 'bwapid.pdb' was not found with 'BWAPId.lib(Position.obj)' or at 'C:\Program Files\StarCraft\BWAPI\Debug\bwapid.pdb'; linking object as if no debug info
BWAPId.lib(PositionUnit.obj) : warning LNK4099: PDB 'bwapid.pdb' was not found with 'BWAPId.lib(PositionUnit.obj)' or at 'C:\Program Files\StarCraft\BWAPI\Debug\bwapid.pdb'; linking object as if no debug info
BWAPId.lib(Race.obj) : warning LNK4099: PDB 'bwapid.pdb' was not found with 'BWAPId.lib(Race.obj)' or at 'C:\Program Files\StarCraft\BWAPI\Debug\bwapid.pdb'; linking object as if no debug info
BWAPId.lib(TechType.obj) : warning LNK4099: PDB 'bwapid.pdb' was not found with 'BWAPId.lib(TechType.obj)' or at 'C:\Program Files\StarCraft\BWAPI\Debug\bwapid.pdb'; linking object as if no debug info
BWAPId.lib(Unit.obj) : warning LNK4099: PDB 'bwapid.pdb' was not found with 'BWAPId.lib(Unit.obj)' or at 'C:\Program Files\StarCraft\BWAPI\Debug\bwapid.pdb'; linking object as if no debug info
BWAPId.lib(Unitset.obj) : warning LNK4099: PDB 'bwapid.pdb' was not found with 'BWAPId.lib(Unitset.obj)' or at 'C:\Program Files\StarCraft\BWAPI\Debug\bwapid.pdb'; linking object as if no debug info
BWAPId.lib(UnitCommand.obj) : warning LNK4099: PDB 'bwapid.pdb' was not found with 'BWAPId.lib(UnitCommand.obj)' or at 'C:\Program Files\StarCraft\BWAPI\Debug\bwapid.pdb'; linking object as if no debug info
BWAPId.lib(UnitCommandType.obj) : warning LNK4099: PDB 'bwapid.pdb' was not found with 'BWAPId.lib(UnitCommandType.obj)' or at 'C:\Program Files\StarCraft\BWAPI\Debug\bwapid.pdb'; linking object as if no debug info
BWAPId.lib(UnitSizeType.obj) : warning LNK4099: PDB 'bwapid.pdb' was not found with 'BWAPId.lib(UnitSizeType.obj)' or at 'C:\Program Files\StarCraft\BWAPI\Debug\bwapid.pdb'; linking object as if no debug info
BWAPId.lib(UnitType.obj) : warning LNK4099: PDB 'bwapid.pdb' was not found with 'BWAPId.lib(UnitType.obj)' or at 'C:\Program Files\StarCraft\BWAPI\Debug\bwapid.pdb'; linking object as if no debug info
BWAPId.lib(UpgradeType.obj) : warning LNK4099: PDB 'bwapid.pdb' was not found with 'BWAPId.lib(UpgradeType.obj)' or at 'C:\Program Files\StarCraft\BWAPI\Debug\bwapid.pdb'; linking object as if no debug info
BWAPId.lib(WeaponType.obj) : warning LNK4099: PDB 'bwapid.pdb' was not found with 'BWAPId.lib(WeaponType.obj)' or at 'C:\Program Files\StarCraft\BWAPI\Debug\bwapid.pdb'; linking object as if no debug info
Manifest:
  C:\Program Files\Microsoft SDKs\Windows\v7.0A\bin\mt.exe /nologo /verbose /out:"Debug\ExampleAIModule.dll.embed.manifest" /manifest Debug\ExampleAIModule.dll.intermediate.manifest
  C:\Program Files\Microsoft SDKs\Windows\v7.0A\bin\rc.exe /nologo /fo"Debug\ExampleAIModule.dll.embed.manifest.res" Debug\ExampleAIModule_manifest.rc 
LinkEmbedManifest:
  C:\Program Files\Microsoft Visual Studio 10.0\VC\bin\link.exe /ERRORREPORT:PROMPT /OUT:"C:\Program Files\StarCraft\BWAPI\Debug\ExampleAIModule.dll" /INCREMENTAL /NOLOGO ../lib/BWAPId.lib kernel32.lib user32.lib gdi32.lib winspool.lib comdlg32.lib advapi32.lib shell32.lib ole32.lib oleaut32.lib uuid.lib odbc32.lib odbccp32.lib /MANIFEST /ManifestFile:"Debug\ExampleAIModule.dll.intermediate.manifest" /MANIFESTUAC:"level='asInvoker' uiAccess='false'" /DEBUG /PDB:"C:\Program Files\StarCraft\BWAPI\Debug\ExampleAIModule.pdb" /SUBSYSTEM:WINDOWS /TLBID:1 /DYNAMICBASE /NXCOMPAT /IMPLIB:"C:\Program Files\StarCraft\BWAPI\Debug\ExampleAIModule.lib" /MACHINE:X86 /DLL Debug\ExampleAIModule.dll.embed.manifest.res
  Debug\Dll.obj
  Debug\ExampleAIModule.obj
     Creating library C:\Program Files\StarCraft\BWAPI\Debug\ExampleAIModule.lib and object C:\Program Files\StarCraft\BWAPI\Debug\ExampleAIModule.exp
BWAPId.lib(AIModule.obj) : warning LNK4099: PDB 'bwapid.pdb' was not found with 'BWAPId.lib(AIModule.obj)' or at 'C:\Program Files\StarCraft\BWAPI\Debug\bwapid.pdb'; linking object as if no debug info
BWAPId.lib(Color.obj) : warning LNK4099: PDB 'bwapid.pdb' was not found with 'BWAPId.lib(Color.obj)' or at 'C:\Program Files\StarCraft\BWAPI\Debug\bwapid.pdb'; linking object as if no debug info
BWAPId.lib(DamageType.obj) : warning LNK4099: PDB 'bwapid.pdb' was not found with 'BWAPId.lib(DamageType.obj)' or at 'C:\Program Files\StarCraft\BWAPI\Debug\bwapid.pdb'; linking object as if no debug info
BWAPId.lib(Error.obj) : warning LNK4099: PDB 'bwapid.pdb' was not found with 'BWAPId.lib(Error.obj)' or at 'C:\Program Files\StarCraft\BWAPI\Debug\bwapid.pdb'; linking object as if no debug info
BWAPId.lib(ExplosionType.obj) : warning LNK4099: PDB 'bwapid.pdb' was not found with 'BWAPId.lib(ExplosionType.obj)' or at 'C:\Program Files\StarCraft\BWAPI\Debug\bwapid.pdb'; linking object as if no debug info
BWAPId.lib(Filters.obj) : warning LNK4099: PDB 'bwapid.pdb' was not found with 'BWAPId.lib(Filters.obj)' or at 'C:\Program Files\StarCraft\BWAPI\Debug\bwapid.pdb'; linking object as if no debug info
BWAPId.lib(Game.obj) : warning LNK4099: PDB 'bwapid.pdb' was not found with 'BWAPId.lib(Game.obj)' or at 'C:\Program Files\StarCraft\BWAPI\Debug\bwapid.pdb'; linking object as if no debug info
BWAPId.lib(Order.obj) : warning LNK4099: PDB 'bwapid.pdb' was not found with 'BWAPId.lib(Order.obj)' or at 'C:\Program Files\StarCraft\BWAPI\Debug\bwapid.pdb'; linking object as if no debug info
BWAPId.lib(Player.obj) : warning LNK4099: PDB 'bwapid.pdb' was not found with 'BWAPId.lib(Player.obj)' or at 'C:\Program Files\StarCraft\BWAPI\Debug\bwapid.pdb'; linking object as if no debug info
BWAPId.lib(Playerset.obj) : warning LNK4099: PDB 'bwapid.pdb' was not found with 'BWAPId.lib(Playerset.obj)' or at 'C:\Program Files\StarCraft\BWAPI\Debug\bwapid.pdb'; linking object as if no debug info
BWAPId.lib(Position.obj) : warning LNK4099: PDB 'bwapid.pdb' was not found with 'BWAPId.lib(Position.obj)' or at 'C:\Program Files\StarCraft\BWAPI\Debug\bwapid.pdb'; linking object as if no debug info
BWAPId.lib(PositionUnit.obj) : warning LNK4099: PDB 'bwapid.pdb' was not found with 'BWAPId.lib(PositionUnit.obj)' or at 'C:\Program Files\StarCraft\BWAPI\Debug\bwapid.pdb'; linking object as if no debug info
BWAPId.lib(Race.obj) : warning LNK4099: PDB 'bwapid.pdb' was not found with 'BWAPId.lib(Race.obj)' or at 'C:\Program Files\StarCraft\BWAPI\Debug\bwapid.pdb'; linking object as if no debug info
BWAPId.lib(TechType.obj) : warning LNK4099: PDB 'bwapid.pdb' was not found with 'BWAPId.lib(TechType.obj)' or at 'C:\Program Files\StarCraft\BWAPI\Debug\bwapid.pdb'; linking object as if no debug info
BWAPId.lib(Unit.obj) : warning LNK4099: PDB 'bwapid.pdb' was not found with 'BWAPId.lib(Unit.obj)' or at 'C:\Program Files\StarCraft\BWAPI\Debug\bwapid.pdb'; linking object as if no debug info
BWAPId.lib(Unitset.obj) : warning LNK4099: PDB 'bwapid.pdb' was not found with 'BWAPId.lib(Unitset.obj)' or at 'C:\Program Files\StarCraft\BWAPI\Debug\bwapid.pdb'; linking object as if no debug info
BWAPId.lib(UnitCommand.obj) : warning LNK4099: PDB 'bwapid.pdb' was not found with 'BWAPId.lib(UnitCommand.obj)' or at 'C:\Program Files\StarCraft\BWAPI\Debug\bwapid.pdb'; linking object as if no debug info
BWAPId.lib(UnitCommandType.obj) : warning LNK4099: PDB 'bwapid.pdb' was not found with 'BWAPId.lib(UnitCommandType.obj)' or at 'C:\Program Files\StarCraft\BWAPI\Debug\bwapid.pdb'; linking object as if no debug info
BWAPId.lib(UnitSizeType.obj) : warning LNK4099: PDB 'bwapid.pdb' was not found with 'BWAPId.lib(UnitSizeType.obj)' or at 'C:\Program Files\StarCraft\BWAPI\Debug\bwapid.pdb'; linking object as if no debug info
BWAPId.lib(UnitType.obj) : warning LNK4099: PDB 'bwapid.pdb' was not found with 'BWAPId.lib(UnitType.obj)' or at 'C:\Program Files\StarCraft\BWAPI\Debug\bwapid.pdb'; linking object as if no debug info
BWAPId.lib(UpgradeType.obj) : warning LNK4099: PDB 'bwapid.pdb' was not found with 'BWAPId.lib(UpgradeType.obj)' or at 'C:\Program Files\StarCraft\BWAPI\Debug\bwapid.pdb'; linking object as if no debug info
BWAPId.lib(WeaponType.obj) : warning LNK4099: PDB 'bwapid.pdb' was not found with 'BWAPId.lib(WeaponType.obj)' or at 'C:\Program Files\StarCraft\BWAPI\Debug\bwapid.pdb'; linking object as if no debug info
  ExampleAIModule.vcxproj -> C:\Program Files\StarCraft\BWAPI\Debug\ExampleAIModule.dll
FinalizeBuildStatus:
  Deleting file "Debug\ExampleAIModule.unsuccessfulbuild".
  Touching "Debug\ExampleAIModule.lastbuildstate".
Done Building Project "C:\Program Files\StarCraft\BWAPI\ExampleAIModule\ExampleAIModule.vcxproj" (build target(s)).

Build succeeded.

Time Elapsed 00:00:07.50
