Build started 12/3/2013 7:31:01 PM.
Project "C:\Program Files\StarCraft\BWAPI\ExampleAIModule\ExampleAIModule.vcxproj" on node 2 (build target(s)).
InitializeBuildStatus:
  Creating "Release\ExampleAIModule.unsuccessfulbuild" because "AlwaysCreate" was specified.
ClCompile:
  C:\Program Files\Microsoft Visual Studio 10.0\VC\bin\CL.exe /c /I"C:\Program Files\StarCraft\BWAPI\ExampleAIModule\Source" /I../include /I"C:\Program Files\StarCraft\BWAPI\ExampleAIModule" /Zi /nologo /W3 /WX- /O2 /Oi /Oy- /GL /D WIN32 /D NDEBUG /D _WINDOWS /D _USRDLL /D EXAMPLEAIMODULE_EXPORTS /D "_SECURE_SCL 0" /D _WINDLL /D _UNICODE /D UNICODE /Gm- /EHsc /MD /GS /Gy /fp:precise /Zc:wchar_t /Zc:forScope /Fo"Release\\" /Fd"Release\vc100.pdb" /Gd /TP /analyze- /errorReport:prompt Source\ExampleAIModule.cpp
  ExampleAIModule.cpp
ManifestResourceCompile:
  All outputs are up-to-date.
Link:
  C:\Program Files\Microsoft Visual Studio 10.0\VC\bin\link.exe /ERRORREPORT:PROMPT /OUT:"C:\Program Files\StarCraft\BWAPI\Release\ExampleAIModule.dll" /INCREMENTAL /NOLOGO ../lib/BWAPI.lib kernel32.lib user32.lib gdi32.lib winspool.lib comdlg32.lib advapi32.lib shell32.lib ole32.lib oleaut32.lib uuid.lib odbc32.lib odbccp32.lib /MANIFEST /ManifestFile:"Release\ExampleAIModule.dll.intermediate.manifest" /MANIFESTUAC:"level='asInvoker' uiAccess='false'" /PDB:"C:\Program Files\StarCraft\BWAPI\Release\ExampleAIModule.pdb" /SUBSYSTEM:WINDOWS /OPT:REF /OPT:ICF /LTCG /TLBID:1 /DYNAMICBASE /NXCOMPAT /IMPLIB:"C:\Program Files\StarCraft\BWAPI\Release\ExampleAIModule.lib" /MACHINE:X86 /DLL Release\ExampleAIModule.dll.embed.manifest.res
  Release\AttackAction.obj
  Release\BoolDecision.obj
  Release\Decision.obj
  Release\FleeAction.obj
  Release\PushForwardAction.obj
  Release\Dll.obj
  Release\ExampleAIModule.obj
  Release\StringAction.obj
LINK : warning LNK4075: ignoring '/INCREMENTAL' due to '/LTCG' specification
     Creating library C:\Program Files\StarCraft\BWAPI\Release\ExampleAIModule.lib and object C:\Program Files\StarCraft\BWAPI\Release\ExampleAIModule.exp
  Generating code
  Finished generating code
Manifest:
  C:\Program Files\Microsoft SDKs\Windows\v7.0A\bin\mt.exe /nologo /verbose /out:"Release\ExampleAIModule.dll.embed.manifest" /manifest Release\ExampleAIModule.dll.intermediate.manifest
  All outputs are up-to-date.
LinkEmbedManifest:
  All outputs are up-to-date.
  ExampleAIModule.vcxproj -> C:\Program Files\StarCraft\BWAPI\Release\ExampleAIModule.dll
FinalizeBuildStatus:
  Deleting file "Release\ExampleAIModule.unsuccessfulbuild".
  Touching "Release\ExampleAIModule.lastbuildstate".
Done Building Project "C:\Program Files\StarCraft\BWAPI\ExampleAIModule\ExampleAIModule.vcxproj" (build target(s)).

Build succeeded.

Time Elapsed 00:00:07.71
