Build started 11/20/2013 10:17:37 PM.
Project "C:\Program Files\StarCraft\BWAPI\ExampleAIClient\ExampleAIClient.vcxproj" on node 2 (build target(s)).
InitializeBuildStatus:
  Creating "Debug\ExampleAIClient.unsuccessfulbuild" because "AlwaysCreate" was specified.
ClCompile:
  C:\Program Files\Microsoft Visual Studio 10.0\VC\bin\CL.exe /c /I../include /ZI /nologo /W3 /WX- /Od /Oy- /D WIN32 /D _DEBUG /D _CONSOLE /D _UNICODE /D UNICODE /Gm /EHsc /RTC1 /MDd /GS /fp:precise /Zc:wchar_t /Zc:forScope /Fo"Debug\\" /Fd"Debug\vc100.pdb" /Gd /TP /analyze- /errorReport:prompt Source\ExampleAIClient.cpp
  ExampleAIClient.cpp
ManifestResourceCompile:
  C:\Program Files\Microsoft SDKs\Windows\v7.0A\bin\rc.exe /nologo /fo"Debug\ExampleAIClient.exe.embed.manifest.res" Debug\ExampleAIClient_manifest.rc 
Link:
  C:\Program Files\Microsoft Visual Studio 10.0\VC\bin\link.exe /ERRORREPORT:PROMPT /OUT:"C:\Program Files\StarCraft\BWAPI\Debug\ExampleAIClient.exe" /INCREMENTAL /NOLOGO ../lib/BWAPId.lib ../lib/BWAPIClientd.lib /MANIFEST /ManifestFile:"Debug\ExampleAIClient.exe.intermediate.manifest" /MANIFESTUAC:"level='asInvoker' uiAccess='false'" /DEBUG /PDB:"C:\Program Files\StarCraft\BWAPI\Debug\ExampleAIClient.pdb" /SUBSYSTEM:CONSOLE /TLBID:1 /DYNAMICBASE /NXCOMPAT /IMPLIB:"C:\Program Files\StarCraft\BWAPI\Debug\ExampleAIClient.lib" /MACHINE:X86 Debug\ExampleAIClient.exe.embed.manifest.res
  Debug\ExampleAIClient.obj
BWAPId.lib(Bulletset.obj) : warning LNK4099: PDB 'bwapid.pdb' was not found with 'BWAPId.lib(Bulletset.obj)' or at 'C:\Program Files\StarCraft\BWAPI\Debug\bwapid.pdb'; linking object as if no debug info
BWAPId.lib(BulletType.obj) : warning LNK4099: PDB 'bwapid.pdb' was not found with 'BWAPId.lib(BulletType.obj)' or at 'C:\Program Files\StarCraft\BWAPI\Debug\bwapid.pdb'; linking object as if no debug info
BWAPId.lib(BWAPI.obj) : warning LNK4099: PDB 'bwapid.pdb' was not found with 'BWAPId.lib(BWAPI.obj)' or at 'C:\Program Files\StarCraft\BWAPI\Debug\bwapid.pdb'; linking object as if no debug info
BWAPId.lib(Color.obj) : warning LNK4099: PDB 'bwapid.pdb' was not found with 'BWAPId.lib(Color.obj)' or at 'C:\Program Files\StarCraft\BWAPI\Debug\bwapid.pdb'; linking object as if no debug info
BWAPId.lib(DamageType.obj) : warning LNK4099: PDB 'bwapid.pdb' was not found with 'BWAPId.lib(DamageType.obj)' or at 'C:\Program Files\StarCraft\BWAPI\Debug\bwapid.pdb'; linking object as if no debug info
BWAPId.lib(Error.obj) : warning LNK4099: PDB 'bwapid.pdb' was not found with 'BWAPId.lib(Error.obj)' or at 'C:\Program Files\StarCraft\BWAPI\Debug\bwapid.pdb'; linking object as if no debug info
BWAPId.lib(Event.obj) : warning LNK4099: PDB 'bwapid.pdb' was not found with 'BWAPId.lib(Event.obj)' or at 'C:\Program Files\StarCraft\BWAPI\Debug\bwapid.pdb'; linking object as if no debug info
BWAPId.lib(ExplosionType.obj) : warning LNK4099: PDB 'bwapid.pdb' was not found with 'BWAPId.lib(ExplosionType.obj)' or at 'C:\Program Files\StarCraft\BWAPI\Debug\bwapid.pdb'; linking object as if no debug info
BWAPId.lib(Filters.obj) : warning LNK4099: PDB 'bwapid.pdb' was not found with 'BWAPId.lib(Filters.obj)' or at 'C:\Program Files\StarCraft\BWAPI\Debug\bwapid.pdb'; linking object as if no debug info
BWAPId.lib(Forceset.obj) : warning LNK4099: PDB 'bwapid.pdb' was not found with 'BWAPId.lib(Forceset.obj)' or at 'C:\Program Files\StarCraft\BWAPI\Debug\bwapid.pdb'; linking object as if no debug info
BWAPId.lib(Game.obj) : warning LNK4099: PDB 'bwapid.pdb' was not found with 'BWAPId.lib(Game.obj)' or at 'C:\Program Files\StarCraft\BWAPI\Debug\bwapid.pdb'; linking object as if no debug info
BWAPId.lib(GameType.obj) : warning LNK4099: PDB 'bwapid.pdb' was not found with 'BWAPId.lib(GameType.obj)' or at 'C:\Program Files\StarCraft\BWAPI\Debug\bwapid.pdb'; linking object as if no debug info
BWAPId.lib(Order.obj) : warning LNK4099: PDB 'bwapid.pdb' was not found with 'BWAPId.lib(Order.obj)' or at 'C:\Program Files\StarCraft\BWAPI\Debug\bwapid.pdb'; linking object as if no debug info
BWAPId.lib(Player.obj) : warning LNK4099: PDB 'bwapid.pdb' was not found with 'BWAPId.lib(Player.obj)' or at 'C:\Program Files\StarCraft\BWAPI\Debug\bwapid.pdb'; linking object as if no debug info
BWAPId.lib(Playerset.obj) : warning LNK4099: PDB 'bwapid.pdb' was not found with 'BWAPId.lib(Playerset.obj)' or at 'C:\Program Files\StarCraft\BWAPI\Debug\bwapid.pdb'; linking object as if no debug info
BWAPId.lib(PlayerType.obj) : warning LNK4099: PDB 'bwapid.pdb' was not found with 'BWAPId.lib(PlayerType.obj)' or at 'C:\Program Files\StarCraft\BWAPI\Debug\bwapid.pdb'; linking object as if no debug info
BWAPId.lib(Position.obj) : warning LNK4099: PDB 'bwapid.pdb' was not found with 'BWAPId.lib(Position.obj)' or at 'C:\Program Files\StarCraft\BWAPI\Debug\bwapid.pdb'; linking object as if no debug info
BWAPId.lib(PositionUnit.obj) : warning LNK4099: PDB 'bwapid.pdb' was not found with 'BWAPId.lib(PositionUnit.obj)' or at 'C:\Program Files\StarCraft\BWAPI\Debug\bwapid.pdb'; linking object as if no debug info
BWAPId.lib(Race.obj) : warning LNK4099: PDB 'bwapid.pdb' was not found with 'BWAPId.lib(Race.obj)' or at 'C:\Program Files\StarCraft\BWAPI\Debug\bwapid.pdb'; linking object as if no debug info
BWAPId.lib(Region.obj) : warning LNK4099: PDB 'bwapid.pdb' was not found with 'BWAPId.lib(Region.obj)' or at 'C:\Program Files\StarCraft\BWAPI\Debug\bwapid.pdb'; linking object as if no debug info
BWAPId.lib(Regionset.obj) : warning LNK4099: PDB 'bwapid.pdb' was not found with 'BWAPId.lib(Regionset.obj)' or at 'C:\Program Files\StarCraft\BWAPI\Debug\bwapid.pdb'; linking object as if no debug info
BWAPId.lib(TechType.obj) : warning LNK4099: PDB 'bwapid.pdb' was not found with 'BWAPId.lib(TechType.obj)' or at 'C:\Program Files\StarCraft\BWAPI\Debug\bwapid.pdb'; linking object as if no debug info
BWAPId.lib(Unit.obj) : warning LNK4099: PDB 'bwapid.pdb' was not found with 'BWAPId.lib(Unit.obj)' or at 'C:\Program Files\StarCraft\BWAPI\Debug\bwapid.pdb'; linking object as if no debug info
BWAPId.lib(Unitset.obj) : warning LNK4099: PDB 'bwapid.pdb' was not found with 'BWAPId.lib(Unitset.obj)' or at 'C:\Program Files\StarCraft\BWAPI\Debug\bwapid.pdb'; linking object as if no debug info
BWAPId.lib(UnitCommand.obj) : warning LNK4099: PDB 'bwapid.pdb' was not found with 'BWAPId.lib(UnitCommand.obj)' or at 'C:\Program Files\StarCraft\BWAPI\Debug\bwapid.pdb'; linking object as if no debug info
BWAPId.lib(UnitCommandType.obj) : warning LNK4099: PDB 'bwapid.pdb' was not found with 'BWAPId.lib(UnitCommandType.obj)' or at 'C:\Program Files\StarCraft\BWAPI\Debug\bwapid.pdb'; linking object as if no debug info
BWAPId.lib(UnitSizeType.obj) : warning LNK4099: PDB 'bwapid.pdb' was not found with 'BWAPId.lib(UnitSizeType.obj)' or at 'C:\Program Files\StarCraft\BWAPI\Debug\bwapid.pdb'; linking object as if no debug info
BWAPId.lib(UnitType.obj) : warning LNK4099: PDB 'bwapid.pdb' was not found with 'BWAPId.lib(UnitType.obj)' or at 'C:\Program Files\StarCraft\BWAPI\Debug\bwapid.pdb'; linking object as if no debug info
BWAPId.lib(UpgradeType.obj) : warning LNK4099: PDB 'bwapid.pdb' was not found with 'BWAPId.lib(UpgradeType.obj)' or at 'C:\Program Files\StarCraft\BWAPI\Debug\bwapid.pdb'; linking object as if no debug info
BWAPId.lib(WeaponType.obj) : warning LNK4099: PDB 'bwapid.pdb' was not found with 'BWAPId.lib(WeaponType.obj)' or at 'C:\Program Files\StarCraft\BWAPI\Debug\bwapid.pdb'; linking object as if no debug info
BWAPIClientd.lib(BulletImpl.obj) : warning LNK4099: PDB 'vc100.pdb' was not found with 'BWAPIClientd.lib(BulletImpl.obj)' or at 'C:\Program Files\StarCraft\BWAPI\Debug\vc100.pdb'; linking object as if no debug info
BWAPIClientd.lib(BulletShared.obj) : warning LNK4099: PDB 'vc100.pdb' was not found with 'BWAPIClientd.lib(BulletShared.obj)' or at 'C:\Program Files\StarCraft\BWAPI\Debug\vc100.pdb'; linking object as if no debug info
BWAPIClientd.lib(Client.obj) : warning LNK4099: PDB 'vc100.pdb' was not found with 'BWAPIClientd.lib(Client.obj)' or at 'C:\Program Files\StarCraft\BWAPI\Debug\vc100.pdb'; linking object as if no debug info
BWAPIClientd.lib(ForceImpl.obj) : warning LNK4099: PDB 'vc100.pdb' was not found with 'BWAPIClientd.lib(ForceImpl.obj)' or at 'C:\Program Files\StarCraft\BWAPI\Debug\vc100.pdb'; linking object as if no debug info
BWAPIClientd.lib(ForceShared.obj) : warning LNK4099: PDB 'vc100.pdb' was not found with 'BWAPIClientd.lib(ForceShared.obj)' or at 'C:\Program Files\StarCraft\BWAPI\Debug\vc100.pdb'; linking object as if no debug info
BWAPIClientd.lib(GameImpl.obj) : warning LNK4099: PDB 'vc100.pdb' was not found with 'BWAPIClientd.lib(GameImpl.obj)' or at 'C:\Program Files\StarCraft\BWAPI\Debug\vc100.pdb'; linking object as if no debug info
BWAPIClientd.lib(GameShared.obj) : warning LNK4099: PDB 'vc100.pdb' was not found with 'BWAPIClientd.lib(GameShared.obj)' or at 'C:\Program Files\StarCraft\BWAPI\Debug\vc100.pdb'; linking object as if no debug info
BWAPIClientd.lib(PlayerImpl.obj) : warning LNK4099: PDB 'vc100.pdb' was not found with 'BWAPIClientd.lib(PlayerImpl.obj)' or at 'C:\Program Files\StarCraft\BWAPI\Debug\vc100.pdb'; linking object as if no debug info
BWAPIClientd.lib(PlayerShared.obj) : warning LNK4099: PDB 'vc100.pdb' was not found with 'BWAPIClientd.lib(PlayerShared.obj)' or at 'C:\Program Files\StarCraft\BWAPI\Debug\vc100.pdb'; linking object as if no debug info
BWAPIClientd.lib(RegionImpl.obj) : warning LNK4099: PDB 'vc100.pdb' was not found with 'BWAPIClientd.lib(RegionImpl.obj)' or at 'C:\Program Files\StarCraft\BWAPI\Debug\vc100.pdb'; linking object as if no debug info
BWAPIClientd.lib(RegionShared.obj) : warning LNK4099: PDB 'vc100.pdb' was not found with 'BWAPIClientd.lib(RegionShared.obj)' or at 'C:\Program Files\StarCraft\BWAPI\Debug\vc100.pdb'; linking object as if no debug info
BWAPIClientd.lib(UnitImpl.obj) : warning LNK4099: PDB 'vc100.pdb' was not found with 'BWAPIClientd.lib(UnitImpl.obj)' or at 'C:\Program Files\StarCraft\BWAPI\Debug\vc100.pdb'; linking object as if no debug info
BWAPIClientd.lib(UnitShared.obj) : warning LNK4099: PDB 'vc100.pdb' was not found with 'BWAPIClientd.lib(UnitShared.obj)' or at 'C:\Program Files\StarCraft\BWAPI\Debug\vc100.pdb'; linking object as if no debug info
Manifest:
  C:\Program Files\Microsoft SDKs\Windows\v7.0A\bin\mt.exe /nologo /verbose /out:"Debug\ExampleAIClient.exe.embed.manifest" /manifest Debug\ExampleAIClient.exe.intermediate.manifest "C:\Program Files\Microsoft Visual Studio 10.0\VC\Include\Manifest\dpiaware.manifest"
  C:\Program Files\Microsoft SDKs\Windows\v7.0A\bin\rc.exe /nologo /fo"Debug\ExampleAIClient.exe.embed.manifest.res" Debug\ExampleAIClient_manifest.rc 
LinkEmbedManifest:
  C:\Program Files\Microsoft Visual Studio 10.0\VC\bin\link.exe /ERRORREPORT:PROMPT /OUT:"C:\Program Files\StarCraft\BWAPI\Debug\ExampleAIClient.exe" /INCREMENTAL /NOLOGO ../lib/BWAPId.lib ../lib/BWAPIClientd.lib /MANIFEST /ManifestFile:"Debug\ExampleAIClient.exe.intermediate.manifest" /MANIFESTUAC:"level='asInvoker' uiAccess='false'" /DEBUG /PDB:"C:\Program Files\StarCraft\BWAPI\Debug\ExampleAIClient.pdb" /SUBSYSTEM:CONSOLE /TLBID:1 /DYNAMICBASE /NXCOMPAT /IMPLIB:"C:\Program Files\StarCraft\BWAPI\Debug\ExampleAIClient.lib" /MACHINE:X86 Debug\ExampleAIClient.exe.embed.manifest.res
  Debug\ExampleAIClient.obj
BWAPId.lib(Bulletset.obj) : warning LNK4099: PDB 'bwapid.pdb' was not found with 'BWAPId.lib(Bulletset.obj)' or at 'C:\Program Files\StarCraft\BWAPI\Debug\bwapid.pdb'; linking object as if no debug info
BWAPId.lib(BulletType.obj) : warning LNK4099: PDB 'bwapid.pdb' was not found with 'BWAPId.lib(BulletType.obj)' or at 'C:\Program Files\StarCraft\BWAPI\Debug\bwapid.pdb'; linking object as if no debug info
BWAPId.lib(BWAPI.obj) : warning LNK4099: PDB 'bwapid.pdb' was not found with 'BWAPId.lib(BWAPI.obj)' or at 'C:\Program Files\StarCraft\BWAPI\Debug\bwapid.pdb'; linking object as if no debug info
BWAPId.lib(Color.obj) : warning LNK4099: PDB 'bwapid.pdb' was not found with 'BWAPId.lib(Color.obj)' or at 'C:\Program Files\StarCraft\BWAPI\Debug\bwapid.pdb'; linking object as if no debug info
BWAPId.lib(DamageType.obj) : warning LNK4099: PDB 'bwapid.pdb' was not found with 'BWAPId.lib(DamageType.obj)' or at 'C:\Program Files\StarCraft\BWAPI\Debug\bwapid.pdb'; linking object as if no debug info
BWAPId.lib(Error.obj) : warning LNK4099: PDB 'bwapid.pdb' was not found with 'BWAPId.lib(Error.obj)' or at 'C:\Program Files\StarCraft\BWAPI\Debug\bwapid.pdb'; linking object as if no debug info
BWAPId.lib(Event.obj) : warning LNK4099: PDB 'bwapid.pdb' was not found with 'BWAPId.lib(Event.obj)' or at 'C:\Program Files\StarCraft\BWAPI\Debug\bwapid.pdb'; linking object as if no debug info
BWAPId.lib(ExplosionType.obj) : warning LNK4099: PDB 'bwapid.pdb' was not found with 'BWAPId.lib(ExplosionType.obj)' or at 'C:\Program Files\StarCraft\BWAPI\Debug\bwapid.pdb'; linking object as if no debug info
BWAPId.lib(Filters.obj) : warning LNK4099: PDB 'bwapid.pdb' was not found with 'BWAPId.lib(Filters.obj)' or at 'C:\Program Files\StarCraft\BWAPI\Debug\bwapid.pdb'; linking object as if no debug info
BWAPId.lib(Forceset.obj) : warning LNK4099: PDB 'bwapid.pdb' was not found with 'BWAPId.lib(Forceset.obj)' or at 'C:\Program Files\StarCraft\BWAPI\Debug\bwapid.pdb'; linking object as if no debug info
BWAPId.lib(Game.obj) : warning LNK4099: PDB 'bwapid.pdb' was not found with 'BWAPId.lib(Game.obj)' or at 'C:\Program Files\StarCraft\BWAPI\Debug\bwapid.pdb'; linking object as if no debug info
BWAPId.lib(GameType.obj) : warning LNK4099: PDB 'bwapid.pdb' was not found with 'BWAPId.lib(GameType.obj)' or at 'C:\Program Files\StarCraft\BWAPI\Debug\bwapid.pdb'; linking object as if no debug info
BWAPId.lib(Order.obj) : warning LNK4099: PDB 'bwapid.pdb' was not found with 'BWAPId.lib(Order.obj)' or at 'C:\Program Files\StarCraft\BWAPI\Debug\bwapid.pdb'; linking object as if no debug info
BWAPId.lib(Player.obj) : warning LNK4099: PDB 'bwapid.pdb' was not found with 'BWAPId.lib(Player.obj)' or at 'C:\Program Files\StarCraft\BWAPI\Debug\bwapid.pdb'; linking object as if no debug info
BWAPId.lib(Playerset.obj) : warning LNK4099: PDB 'bwapid.pdb' was not found with 'BWAPId.lib(Playerset.obj)' or at 'C:\Program Files\StarCraft\BWAPI\Debug\bwapid.pdb'; linking object as if no debug info
BWAPId.lib(PlayerType.obj) : warning LNK4099: PDB 'bwapid.pdb' was not found with 'BWAPId.lib(PlayerType.obj)' or at 'C:\Program Files\StarCraft\BWAPI\Debug\bwapid.pdb'; linking object as if no debug info
BWAPId.lib(Position.obj) : warning LNK4099: PDB 'bwapid.pdb' was not found with 'BWAPId.lib(Position.obj)' or at 'C:\Program Files\StarCraft\BWAPI\Debug\bwapid.pdb'; linking object as if no debug info
BWAPId.lib(PositionUnit.obj) : warning LNK4099: PDB 'bwapid.pdb' was not found with 'BWAPId.lib(PositionUnit.obj)' or at 'C:\Program Files\StarCraft\BWAPI\Debug\bwapid.pdb'; linking object as if no debug info
BWAPId.lib(Race.obj) : warning LNK4099: PDB 'bwapid.pdb' was not found with 'BWAPId.lib(Race.obj)' or at 'C:\Program Files\StarCraft\BWAPI\Debug\bwapid.pdb'; linking object as if no debug info
BWAPId.lib(Region.obj) : warning LNK4099: PDB 'bwapid.pdb' was not found with 'BWAPId.lib(Region.obj)' or at 'C:\Program Files\StarCraft\BWAPI\Debug\bwapid.pdb'; linking object as if no debug info
BWAPId.lib(Regionset.obj) : warning LNK4099: PDB 'bwapid.pdb' was not found with 'BWAPId.lib(Regionset.obj)' or at 'C:\Program Files\StarCraft\BWAPI\Debug\bwapid.pdb'; linking object as if no debug info
BWAPId.lib(TechType.obj) : warning LNK4099: PDB 'bwapid.pdb' was not found with 'BWAPId.lib(TechType.obj)' or at 'C:\Program Files\StarCraft\BWAPI\Debug\bwapid.pdb'; linking object as if no debug info
BWAPId.lib(Unit.obj) : warning LNK4099: PDB 'bwapid.pdb' was not found with 'BWAPId.lib(Unit.obj)' or at 'C:\Program Files\StarCraft\BWAPI\Debug\bwapid.pdb'; linking object as if no debug info
BWAPId.lib(Unitset.obj) : warning LNK4099: PDB 'bwapid.pdb' was not found with 'BWAPId.lib(Unitset.obj)' or at 'C:\Program Files\StarCraft\BWAPI\Debug\bwapid.pdb'; linking object as if no debug info
BWAPId.lib(UnitCommand.obj) : warning LNK4099: PDB 'bwapid.pdb' was not found with 'BWAPId.lib(UnitCommand.obj)' or at 'C:\Program Files\StarCraft\BWAPI\Debug\bwapid.pdb'; linking object as if no debug info
BWAPId.lib(UnitCommandType.obj) : warning LNK4099: PDB 'bwapid.pdb' was not found with 'BWAPId.lib(UnitCommandType.obj)' or at 'C:\Program Files\StarCraft\BWAPI\Debug\bwapid.pdb'; linking object as if no debug info
BWAPId.lib(UnitSizeType.obj) : warning LNK4099: PDB 'bwapid.pdb' was not found with 'BWAPId.lib(UnitSizeType.obj)' or at 'C:\Program Files\StarCraft\BWAPI\Debug\bwapid.pdb'; linking object as if no debug info
BWAPId.lib(UnitType.obj) : warning LNK4099: PDB 'bwapid.pdb' was not found with 'BWAPId.lib(UnitType.obj)' or at 'C:\Program Files\StarCraft\BWAPI\Debug\bwapid.pdb'; linking object as if no debug info
BWAPId.lib(UpgradeType.obj) : warning LNK4099: PDB 'bwapid.pdb' was not found with 'BWAPId.lib(UpgradeType.obj)' or at 'C:\Program Files\StarCraft\BWAPI\Debug\bwapid.pdb'; linking object as if no debug info
BWAPId.lib(WeaponType.obj) : warning LNK4099: PDB 'bwapid.pdb' was not found with 'BWAPId.lib(WeaponType.obj)' or at 'C:\Program Files\StarCraft\BWAPI\Debug\bwapid.pdb'; linking object as if no debug info
BWAPIClientd.lib(BulletImpl.obj) : warning LNK4099: PDB 'vc100.pdb' was not found with 'BWAPIClientd.lib(BulletImpl.obj)' or at 'C:\Program Files\StarCraft\BWAPI\Debug\vc100.pdb'; linking object as if no debug info
BWAPIClientd.lib(BulletShared.obj) : warning LNK4099: PDB 'vc100.pdb' was not found with 'BWAPIClientd.lib(BulletShared.obj)' or at 'C:\Program Files\StarCraft\BWAPI\Debug\vc100.pdb'; linking object as if no debug info
BWAPIClientd.lib(Client.obj) : warning LNK4099: PDB 'vc100.pdb' was not found with 'BWAPIClientd.lib(Client.obj)' or at 'C:\Program Files\StarCraft\BWAPI\Debug\vc100.pdb'; linking object as if no debug info
BWAPIClientd.lib(ForceImpl.obj) : warning LNK4099: PDB 'vc100.pdb' was not found with 'BWAPIClientd.lib(ForceImpl.obj)' or at 'C:\Program Files\StarCraft\BWAPI\Debug\vc100.pdb'; linking object as if no debug info
BWAPIClientd.lib(ForceShared.obj) : warning LNK4099: PDB 'vc100.pdb' was not found with 'BWAPIClientd.lib(ForceShared.obj)' or at 'C:\Program Files\StarCraft\BWAPI\Debug\vc100.pdb'; linking object as if no debug info
BWAPIClientd.lib(GameImpl.obj) : warning LNK4099: PDB 'vc100.pdb' was not found with 'BWAPIClientd.lib(GameImpl.obj)' or at 'C:\Program Files\StarCraft\BWAPI\Debug\vc100.pdb'; linking object as if no debug info
BWAPIClientd.lib(GameShared.obj) : warning LNK4099: PDB 'vc100.pdb' was not found with 'BWAPIClientd.lib(GameShared.obj)' or at 'C:\Program Files\StarCraft\BWAPI\Debug\vc100.pdb'; linking object as if no debug info
BWAPIClientd.lib(PlayerImpl.obj) : warning LNK4099: PDB 'vc100.pdb' was not found with 'BWAPIClientd.lib(PlayerImpl.obj)' or at 'C:\Program Files\StarCraft\BWAPI\Debug\vc100.pdb'; linking object as if no debug info
BWAPIClientd.lib(PlayerShared.obj) : warning LNK4099: PDB 'vc100.pdb' was not found with 'BWAPIClientd.lib(PlayerShared.obj)' or at 'C:\Program Files\StarCraft\BWAPI\Debug\vc100.pdb'; linking object as if no debug info
BWAPIClientd.lib(RegionImpl.obj) : warning LNK4099: PDB 'vc100.pdb' was not found with 'BWAPIClientd.lib(RegionImpl.obj)' or at 'C:\Program Files\StarCraft\BWAPI\Debug\vc100.pdb'; linking object as if no debug info
BWAPIClientd.lib(RegionShared.obj) : warning LNK4099: PDB 'vc100.pdb' was not found with 'BWAPIClientd.lib(RegionShared.obj)' or at 'C:\Program Files\StarCraft\BWAPI\Debug\vc100.pdb'; linking object as if no debug info
BWAPIClientd.lib(UnitImpl.obj) : warning LNK4099: PDB 'vc100.pdb' was not found with 'BWAPIClientd.lib(UnitImpl.obj)' or at 'C:\Program Files\StarCraft\BWAPI\Debug\vc100.pdb'; linking object as if no debug info
BWAPIClientd.lib(UnitShared.obj) : warning LNK4099: PDB 'vc100.pdb' was not found with 'BWAPIClientd.lib(UnitShared.obj)' or at 'C:\Program Files\StarCraft\BWAPI\Debug\vc100.pdb'; linking object as if no debug info
  ExampleAIClient.vcxproj -> C:\Program Files\StarCraft\BWAPI\Debug\ExampleAIClient.exe
FinalizeBuildStatus:
  Deleting file "Debug\ExampleAIClient.unsuccessfulbuild".
  Touching "Debug\ExampleAIClient.lastbuildstate".
Done Building Project "C:\Program Files\StarCraft\BWAPI\ExampleAIClient\ExampleAIClient.vcxproj" (build target(s)).

Build succeeded.

Time Elapsed 00:00:06.96
